<?xml version="1.0" encoding="UTF-8"?>
<!-- Generated by org.testng.reporters.JUnitXMLReporter -->
<testsuite hostname="DESKTOP-2MCR46G" ignored="0" name="Free CRM App Test Cases" tests="3" failures="0" timestamp="21 Jun 2020 09:12:04 GMT" time="102.969" errors="0">
  <testcase name="navigatetologinpage" time="10.454" classname="com.crm.qa.testcases.LoginpageTest"/>
  <testcase name="logintohomepage" time="9.968" classname="com.crm.qa.testcases.LoginpageTest"/>
  <testcase name="logintohomepage" time="15.899" classname="com.crm.qa.testcases.LoginpageTest"/>
</testsuite> <!-- Free CRM App Test Cases -->
