<?xml version="1.0" encoding="UTF-8"?>
<!-- Generated by org.testng.reporters.JUnitXMLReporter -->
<testsuite hostname="DESKTOP-2MCR46G" ignored="0" name="Surefire test" tests="3" failures="0" timestamp="19 Jun 2020 15:04:51 GMT" time="146.549" errors="0">
  <testcase name="navigatetologinpage" time="11.647" classname="com.crm.qa.testcases.LoginpageTest"/>
  <testcase name="logintohomepage" time="9.841" classname="com.crm.qa.testcases.LoginpageTest"/>
  <testcase name="logintohomepage" time="6.305" classname="com.crm.qa.testcases.LoginpageTest"/>
</testsuite> <!-- Surefire test -->
