<?xml version="1.0" encoding="UTF-8"?>
<!-- Generated by org.testng.reporters.JUnitXMLReporter -->
<testsuite hostname="DESKTOP-2MCR46G" ignored="0" name="Default test" tests="3" failures="0" timestamp="17 Jun 2020 15:08:29 GMT" time="51.403" errors="0">
  <testcase name="navigatetologinpage" time="5.942" classname="com.crm.qa.testcases.LoginpageTest"/>
  <testcase name="logintohomepage" time="6.875" classname="com.crm.qa.testcases.LoginpageTest"/>
  <testcase name="logintohomepage" time="6.241" classname="com.crm.qa.testcases.LoginpageTest"/>
</testsuite> <!-- Default test -->
