<?xml version="1.0" encoding="UTF-8"?>
<testng-results skipped="0" failed="0" ignored="0" total="3" passed="3">
  <reporter-output>
  </reporter-output>
  <suite name="Surefire suite" duration-ms="146549" started-at="2020-06-19T15:02:24Z" finished-at="2020-06-19T15:04:51Z">
    <groups>
    </groups>
    <test name="Surefire test" duration-ms="146549" started-at="2020-06-19T15:02:24Z" finished-at="2020-06-19T15:04:51Z">
      <class name="com.crm.qa.testcases.LoginpageTest">
        <test-method status="PASS" signature="setup()[pri:0, instance:com.crm.qa.testcases.LoginpageTest@6b143ee9]" name="setup" is-config="true" duration-ms="56805" started-at="2020-06-19T15:02:24Z" finished-at="2020-06-19T15:03:21Z">
          <reporter-output>
          </reporter-output>
        </test-method> <!-- setup -->
        <test-method status="PASS" signature="navigatetologinpage()[pri:1, instance:com.crm.qa.testcases.LoginpageTest@6b143ee9]" name="navigatetologinpage" duration-ms="11647" started-at="2020-06-19T15:03:21Z" finished-at="2020-06-19T15:03:33Z">
          <reporter-output>
          </reporter-output>
        </test-method> <!-- navigatetologinpage -->
        <test-method status="PASS" signature="teardown()[pri:0, instance:com.crm.qa.testcases.LoginpageTest@6b143ee9]" name="teardown" is-config="true" duration-ms="3852" started-at="2020-06-19T15:03:33Z" finished-at="2020-06-19T15:03:36Z">
          <reporter-output>
          </reporter-output>
        </test-method> <!-- teardown -->
        <test-method status="PASS" signature="setup()[pri:0, instance:com.crm.qa.testcases.LoginpageTest@6b143ee9]" name="setup" is-config="true" duration-ms="15596" started-at="2020-06-19T15:04:05Z" finished-at="2020-06-19T15:04:21Z">
          <reporter-output>
          </reporter-output>
        </test-method> <!-- setup -->
        <test-method status="PASS" signature="logintohomepage(java.lang.String, java.lang.String)[pri:2, instance:com.crm.qa.testcases.LoginpageTest@6b143ee9]" name="logintohomepage" duration-ms="9841" started-at="2020-06-19T15:04:21Z" data-provider="getCRMTestData" finished-at="2020-06-19T15:04:31Z">
          <params>
            <param index="0">
              <value>
                <![CDATA[fsdg]]>
              </value>
            </param>
            <param index="1">
              <value>
                <![CDATA[gsdgsdgsdg]]>
              </value>
            </param>
          </params>
          <reporter-output>
          </reporter-output>
        </test-method> <!-- logintohomepage -->
        <test-method status="PASS" signature="teardown()[pri:0, instance:com.crm.qa.testcases.LoginpageTest@6b143ee9]" name="teardown" is-config="true" duration-ms="2436" started-at="2020-06-19T15:04:31Z" finished-at="2020-06-19T15:04:33Z">
          <reporter-output>
          </reporter-output>
        </test-method> <!-- teardown -->
        <test-method status="PASS" signature="setup()[pri:0, instance:com.crm.qa.testcases.LoginpageTest@6b143ee9]" name="setup" is-config="true" duration-ms="9763" started-at="2020-06-19T15:04:33Z" finished-at="2020-06-19T15:04:43Z">
          <reporter-output>
          </reporter-output>
        </test-method> <!-- setup -->
        <test-method status="PASS" signature="logintohomepage(java.lang.String, java.lang.String)[pri:2, instance:com.crm.qa.testcases.LoginpageTest@6b143ee9]" name="logintohomepage" duration-ms="6305" started-at="2020-06-19T15:04:43Z" data-provider="getCRMTestData" finished-at="2020-06-19T15:04:49Z">
          <params>
            <param index="0">
              <value>
                <![CDATA[sgs]]>
              </value>
            </param>
            <param index="1">
              <value>
                <![CDATA[sggsg]]>
              </value>
            </param>
          </params>
          <reporter-output>
          </reporter-output>
        </test-method> <!-- logintohomepage -->
        <test-method status="PASS" signature="teardown()[pri:0, instance:com.crm.qa.testcases.LoginpageTest@6b143ee9]" name="teardown" is-config="true" duration-ms="1404" started-at="2020-06-19T15:04:49Z" finished-at="2020-06-19T15:04:51Z">
          <reporter-output>
          </reporter-output>
        </test-method> <!-- teardown -->
      </class> <!-- com.crm.qa.testcases.LoginpageTest -->
    </test> <!-- Surefire test -->
  </suite> <!-- Surefire suite -->
</testng-results>
