<?xml version="1.0" encoding="UTF-8"?>
<testsuite xmlns:xsi="http://www.w3.org/2001/XMLSchema-instance" xsi:noNamespaceSchemaLocation="https://maven.apache.org/surefire/maven-surefire-plugin/xsd/surefire-test-report.xsd" name="com.crm.qa.testcases.LoginpageTest" time="147.972" tests="3" errors="0" skipped="0" failures="0">
  <properties>
[...]
</properties>
  <testcase name="navigatetologinpage" classname="com.crm.qa.testcases.LoginpageTest" time="11.648"/>
  <testcase name="logintohomepage" classname="com.crm.qa.testcases.LoginpageTest" time="9.84"/>
  <testcase name="logintohomepage" classname="com.crm.qa.testcases.LoginpageTest" time="6.305"/>
</testsuite>